app/build/intermediates/manifest_merge_blame_file/debug/processDebugMainManifest/manifest-merger-blame-debug-report.txt
1<?xml version="1.0" encoding="utf-8"?>
2<manifest xmlns:android="http://schemas.android.com/apk/res/android"
3    package="com.example.myfirstapp"
4    android:versionCode="1"
5    android:versionName="1.0" >
6
7    <uses-sdk
8        android:minSdkVersion="24"
9        android:targetSdkVersion="34" />
10
11    <!-- ============ 基础权限 ============ -->
12    <uses-permission android:name="android.permission.INTERNET" />
12-->src\main\AndroidManifest.xml:6:5-67
12-->src\main\AndroidManifest.xml:6:22-64
13    <uses-permission android:name="android.permission.ACCESS_NETWORK_STATE" />
13-->src\main\AndroidManifest.xml:7:5-79
13-->src\main\AndroidManifest.xml:7:22-76
14    <uses-permission android:name="android.permission.ACCESS_WIFI_STATE" />
14-->src\main\AndroidManifest.xml:8:5-76
14-->src\main\AndroidManifest.xml:8:22-73
15
16    <!-- ============ 定位权限 ============ -->
17    <uses-permission android:name="android.permission.ACCESS_FINE_LOCATION" />
17-->src\main\AndroidManifest.xml:11:5-79
17-->src\main\AndroidManifest.xml:11:22-76
18    <uses-permission android:name="android.permission.ACCESS_COARSE_LOCATION" />
18-->src\main\AndroidManifest.xml:12:5-81
18-->src\main\AndroidManifest.xml:12:22-78
19    <!-- 语音标记需要 -->
20    <uses-permission android:name="android.permission.RECORD_AUDIO" />
20-->src\main\AndroidManifest.xml:14:5-71
20-->src\main\AndroidManifest.xml:14:22-68
21    <!-- 息屏后台持续记录轨迹需要（用户需在设置中选"始终允许"） -->
22    <uses-permission android:name="android.permission.ACCESS_BACKGROUND_LOCATION" />
22-->src\main\AndroidManifest.xml:16:5-85
22-->src\main\AndroidManifest.xml:16:22-82
23
24    <!-- ============ 前台服务（轨迹记录保活，类似两步路） ============ -->
25    <uses-permission android:name="android.permission.FOREGROUND_SERVICE" />
25-->src\main\AndroidManifest.xml:19:5-77
25-->src\main\AndroidManifest.xml:19:22-74
26    <uses-permission android:name="android.permission.FOREGROUND_SERVICE_LOCATION" />
26-->src\main\AndroidManifest.xml:20:5-86
26-->src\main\AndroidManifest.xml:20:22-83
27    <!-- Android 13+ 通知运行时权限 -->
28    <uses-permission android:name="android.permission.POST_NOTIFICATIONS" />
28-->src\main\AndroidManifest.xml:22:5-77
28-->src\main\AndroidManifest.xml:22:22-74
29
30    <!-- Android 11+ 查询高德地图App是否安装（用于一键导航拉起） -->
31    <queries>
31-->src\main\AndroidManifest.xml:25:5-27:15
32        <package android:name="com.autonavi.minimap" />
32-->src\main\AndroidManifest.xml:26:9-56
32-->src\main\AndroidManifest.xml:26:18-53
33    </queries>
34
35    <permission
35-->[androidx.core:core:1.13.1] AndroidManifest.xml:22:5-24:47
36        android:name="com.example.myfirstapp.DYNAMIC_RECEIVER_NOT_EXPORTED_PERMISSION"
36-->[androidx.core:core:1.13.1] AndroidManifest.xml:23:9-81
37        android:protectionLevel="signature" />
37-->[androidx.core:core:1.13.1] AndroidManifest.xml:24:9-44
38
39    <uses-permission android:name="com.example.myfirstapp.DYNAMIC_RECEIVER_NOT_EXPORTED_PERMISSION" />
39-->[androidx.core:core:1.13.1] AndroidManifest.xml:26:5-97
39-->[androidx.core:core:1.13.1] AndroidManifest.xml:26:22-94
40
41    <application
41-->src\main\AndroidManifest.xml:29:5-70:19
42        android:allowBackup="true"
42-->src\main\AndroidManifest.xml:30:9-35
43        android:appComponentFactory="androidx.core.app.CoreComponentFactory"
43-->[androidx.core:core:1.13.1] AndroidManifest.xml:28:18-86
44        android:debuggable="true"
45        android:extractNativeLibs="false"
46        android:icon="@mipmap/ic_launcher"
46-->src\main\AndroidManifest.xml:31:9-43
47        android:label="@string/app_name"
47-->src\main\AndroidManifest.xml:32:9-41
48        android:supportsRtl="true"
48-->src\main\AndroidManifest.xml:33:9-35
49        android:testOnly="true"
50        android:theme="@style/Theme.MyFirstApp" >
50-->src\main\AndroidManifest.xml:34:9-48
51
52        <!-- ★ 高德开放平台 Key：替换成你自己的！ -->
53        <meta-data
53-->src\main\AndroidManifest.xml:37:9-39:64
54            android:name="com.amap.api.v2.apikey"
54-->src\main\AndroidManifest.xml:38:13-50
55            android:value="8844b9b23ba616c86e95e7d45b1d31a8" />
55-->src\main\AndroidManifest.xml:39:13-61
56
57        <!-- 高德定位 SDK 的后台服务 -->
58        <service android:name="com.amap.api.location.APSService" />
58-->src\main\AndroidManifest.xml:42:9-68
58-->src\main\AndroidManifest.xml:42:18-65
59
60        <!-- 轨迹记录前台服务：Android 14+ 必须声明 foregroundServiceType -->
61        <service
61-->src\main\AndroidManifest.xml:45:9-48:56
62            android:name="com.example.myfirstapp.track.TrackRecordingService"
62-->src\main\AndroidManifest.xml:46:13-56
63            android:exported="false"
63-->src\main\AndroidManifest.xml:47:13-37
64            android:foregroundServiceType="location" />
64-->src\main\AndroidManifest.xml:48:13-53
65
66        <!-- GPX 文件分享 -->
67        <provider
68            android:name="androidx.core.content.FileProvider"
68-->src\main\AndroidManifest.xml:52:13-62
69            android:authorities="com.example.myfirstapp.fileprovider"
69-->src\main\AndroidManifest.xml:53:13-64
70            android:exported="false"
70-->src\main\AndroidManifest.xml:54:13-37
71            android:grantUriPermissions="true" >
71-->src\main\AndroidManifest.xml:55:13-47
72            <meta-data
72-->src\main\AndroidManifest.xml:56:13-58:54
73                android:name="android.support.FILE_PROVIDER_PATHS"
73-->src\main\AndroidManifest.xml:57:17-67
74                android:resource="@xml/file_paths" />
74-->src\main\AndroidManifest.xml:58:17-51
75        </provider>
76
77        <!-- App 入口 Activity -->
78        <activity
78-->src\main\AndroidManifest.xml:62:9-69:20
79            android:name="com.example.myfirstapp.MainActivity"
79-->src\main\AndroidManifest.xml:63:13-41
80            android:exported="true" >
80-->src\main\AndroidManifest.xml:64:13-36
81            <intent-filter>
81-->src\main\AndroidManifest.xml:65:13-68:29
82                <action android:name="android.intent.action.MAIN" />
82-->src\main\AndroidManifest.xml:66:17-69
82-->src\main\AndroidManifest.xml:66:25-66
83
84                <category android:name="android.intent.category.LAUNCHER" />
84-->src\main\AndroidManifest.xml:67:17-77
84-->src\main\AndroidManifest.xml:67:27-74
85            </intent-filter>
86        </activity>
87
88        <provider
88-->[androidx.emoji2:emoji2:1.3.0] AndroidManifest.xml:24:9-32:20
89            android:name="androidx.startup.InitializationProvider"
89-->[androidx.emoji2:emoji2:1.3.0] AndroidManifest.xml:25:13-67
90            android:authorities="com.example.myfirstapp.androidx-startup"
90-->[androidx.emoji2:emoji2:1.3.0] AndroidManifest.xml:26:13-68
91            android:exported="false" >
91-->[androidx.emoji2:emoji2:1.3.0] AndroidManifest.xml:27:13-37
92            <meta-data
92-->[androidx.emoji2:emoji2:1.3.0] AndroidManifest.xml:29:13-31:52
93                android:name="androidx.emoji2.text.EmojiCompatInitializer"
93-->[androidx.emoji2:emoji2:1.3.0] AndroidManifest.xml:30:17-75
94                android:value="androidx.startup" />
94-->[androidx.emoji2:emoji2:1.3.0] AndroidManifest.xml:31:17-49
95            <meta-data
95-->[androidx.lifecycle:lifecycle-process:2.8.6] AndroidManifest.xml:29:13-31:52
96                android:name="androidx.lifecycle.ProcessLifecycleInitializer"
96-->[androidx.lifecycle:lifecycle-process:2.8.6] AndroidManifest.xml:30:17-78
97                android:value="androidx.startup" />
97-->[androidx.lifecycle:lifecycle-process:2.8.6] AndroidManifest.xml:31:17-49
98            <meta-data
98-->[androidx.profileinstaller:profileinstaller:1.3.1] AndroidManifest.xml:29:13-31:52
99                android:name="androidx.profileinstaller.ProfileInstallerInitializer"
99-->[androidx.profileinstaller:profileinstaller:1.3.1] AndroidManifest.xml:30:17-85
100                android:value="androidx.startup" />
100-->[androidx.profileinstaller:profileinstaller:1.3.1] AndroidManifest.xml:31:17-49
101        </provider>
102
103        <activity
103-->[androidx.compose.ui:ui-tooling-android:1.7.3] AndroidManifest.xml:23:9-25:39
104            android:name="androidx.compose.ui.tooling.PreviewActivity"
104-->[androidx.compose.ui:ui-tooling-android:1.7.3] AndroidManifest.xml:24:13-71
105            android:exported="true" />
105-->[androidx.compose.ui:ui-tooling-android:1.7.3] AndroidManifest.xml:25:13-36
106
107        <receiver
107-->[androidx.profileinstaller:profileinstaller:1.3.1] AndroidManifest.xml:34:9-52:20
108            android:name="androidx.profileinstaller.ProfileInstallReceiver"
108-->[androidx.profileinstaller:profileinstaller:1.3.1] AndroidManifest.xml:35:13-76
109            android:directBootAware="false"
109-->[androidx.profileinstaller:profileinstaller:1.3.1] AndroidManifest.xml:36:13-44
110            android:enabled="true"
110-->[androidx.profileinstaller:profileinstaller:1.3.1] AndroidManifest.xml:37:13-35
111            android:exported="true"
111-->[androidx.profileinstaller:profileinstaller:1.3.1] AndroidManifest.xml:38:13-36
112            android:permission="android.permission.DUMP" >
112-->[androidx.profileinstaller:profileinstaller:1.3.1] AndroidManifest.xml:39:13-57
113            <intent-filter>
113-->[androidx.profileinstaller:profileinstaller:1.3.1] AndroidManifest.xml:40:13-42:29
114                <action android:name="androidx.profileinstaller.action.INSTALL_PROFILE" />
114-->[androidx.profileinstaller:profileinstaller:1.3.1] AndroidManifest.xml:41:17-91
114-->[androidx.profileinstaller:profileinstaller:1.3.1] AndroidManifest.xml:41:25-88
115            </intent-filter>
116            <intent-filter>
116-->[androidx.profileinstaller:profileinstaller:1.3.1] AndroidManifest.xml:43:13-45:29
117                <action android:name="androidx.profileinstaller.action.SKIP_FILE" />
117-->[androidx.profileinstaller:profileinstaller:1.3.1] AndroidManifest.xml:44:17-85
117-->[androidx.profileinstaller:profileinstaller:1.3.1] AndroidManifest.xml:44:25-82
118            </intent-filter>
119            <intent-filter>
119-->[androidx.profileinstaller:profileinstaller:1.3.1] AndroidManifest.xml:46:13-48:29
120                <action android:name="androidx.profileinstaller.action.SAVE_PROFILE" />
120-->[androidx.profileinstaller:profileinstaller:1.3.1] AndroidManifest.xml:47:17-88
120-->[androidx.profileinstaller:profileinstaller:1.3.1] AndroidManifest.xml:47:25-85
121            </intent-filter>
122            <intent-filter>
122-->[androidx.profileinstaller:profileinstaller:1.3.1] AndroidManifest.xml:49:13-51:29
123                <action android:name="androidx.profileinstaller.action.BENCHMARK_OPERATION" />
123-->[androidx.profileinstaller:profileinstaller:1.3.1] AndroidManifest.xml:50:17-95
123-->[androidx.profileinstaller:profileinstaller:1.3.1] AndroidManifest.xml:50:25-92
124            </intent-filter>
125        </receiver>
126    </application>
127
128</manifest>